f:\coding\cpp\qt projects\imageviewer2\x64\debug\qrc_imageviewer2.obj
f:\coding\cpp\qt projects\imageviewer2\x64\debug\moc_imageviewer2.obj
f:\coding\cpp\qt projects\imageviewer2\x64\debug\moc_mainwindow.obj
f:\coding\cpp\qt projects\imageviewer2\x64\debug\main.obj
f:\coding\cpp\qt projects\imageviewer2\x64\debug\mainwindow.obj
f:\coding\cpp\qt projects\imageviewer2\x64\debug\imageviewer2.obj
f:\coding\cpp\qt projects\imageviewer2\x64\debug\vc142.pdb
f:\coding\cpp\qt projects\imageviewer2\x64\debug\uic\ui_imageviewer2.h
f:\coding\cpp\qt projects\imageviewer2\x64\debug\rcc\qrc_imageviewer2.cpp
f:\coding\cpp\qt projects\imageviewer2\x64\debug\moc\moc_imageviewer2.cpp
f:\coding\cpp\qt projects\imageviewer2\x64\debug\moc\moc_mainwindow.cpp
f:\coding\cpp\beginning c++ game programming\x64\debug\imageviewer2.exe
f:\coding\cpp\beginning c++ game programming\x64\debug\imageviewer2.ilk
f:\coding\cpp\beginning c++ game programming\x64\debug\imageviewer2.pdb
f:\coding\cpp\qt projects\imageviewer2\x64\debug\\moc\moc_mainwindow.cpp
f:\coding\cpp\qt projects\imageviewer2\x64\debug\imageviewer2.tlog\cl.command.1.tlog
f:\coding\cpp\qt projects\imageviewer2\x64\debug\imageviewer2.tlog\cl.read.1.tlog
f:\coding\cpp\qt projects\imageviewer2\x64\debug\imageviewer2.tlog\cl.write.1.tlog
f:\coding\cpp\qt projects\imageviewer2\x64\debug\imageviewer2.tlog\imageviewer2.write.1u.tlog
f:\coding\cpp\qt projects\imageviewer2\x64\debug\imageviewer2.tlog\link.15448.delete.1.tlog
f:\coding\cpp\qt projects\imageviewer2\x64\debug\imageviewer2.tlog\link.19880.delete.1.tlog
f:\coding\cpp\qt projects\imageviewer2\x64\debug\imageviewer2.tlog\link.3244.delete.1.tlog
f:\coding\cpp\qt projects\imageviewer2\x64\debug\imageviewer2.tlog\link.4536.delete.1.tlog
f:\coding\cpp\qt projects\imageviewer2\x64\debug\imageviewer2.tlog\link.7148.delete.1.tlog
f:\coding\cpp\qt projects\imageviewer2\x64\debug\imageviewer2.tlog\link.command.1.tlog
f:\coding\cpp\qt projects\imageviewer2\x64\debug\imageviewer2.tlog\link.delete.1.tlog
f:\coding\cpp\qt projects\imageviewer2\x64\debug\imageviewer2.tlog\link.read.1.tlog
f:\coding\cpp\qt projects\imageviewer2\x64\debug\imageviewer2.tlog\link.write.1.tlog
f:\coding\cpp\qt projects\imageviewer2\x64\debug\imageviewer2.tlog\moc.read.1u.tlog
f:\coding\cpp\qt projects\imageviewer2\x64\debug\imageviewer2.tlog\moc.write.1u.tlog
f:\coding\cpp\qt projects\imageviewer2\x64\debug\imageviewer2.tlog\rcc.read.1u.tlog
f:\coding\cpp\qt projects\imageviewer2\x64\debug\imageviewer2.tlog\rcc.write.1u.tlog
f:\coding\cpp\qt projects\imageviewer2\x64\debug\imageviewer2.tlog\uic.read.1u.tlog
f:\coding\cpp\qt projects\imageviewer2\x64\debug\imageviewer2.tlog\uic.write.1u.tlog
